[03:48:56] WARN [org.apache.directory.api.ldap.model.entry.DefaultAttribute] - ERR_13207_VALUE_ALREADY_EXISTS The value '1.3.6.1.4.1.42.2.27.8.5.1' already exists in the attribute (supportedControl)
[03:48:56] WARN [org.apache.directory.api.ldap.model.entry.DefaultAttribute] - ERR_13207_VALUE_ALREADY_EXISTS The value '1.2.840.113556.1.4.841' already exists in the attribute (supportedControl)
[03:48:56] WARN [org.apache.directory.api.ldap.model.entry.DefaultAttribute] - ERR_13207_VALUE_ALREADY_EXISTS The value '1.3.6.1.4.1.4203.1.9.1.2' already exists in the attribute (supportedControl)
[03:48:56] WARN [org.apache.directory.api.ldap.model.entry.DefaultAttribute] - ERR_13207_VALUE_ALREADY_EXISTS The value '1.2.840.113556.1.4.319' already exists in the attribute (supportedControl)
[03:48:56] WARN [org.apache.directory.api.ldap.model.entry.DefaultAttribute] - ERR_13207_VALUE_ALREADY_EXISTS The value '1.2.840.113556.1.4.528' already exists in the attribute (supportedControl)
[03:48:58] WARN [org.apache.directory.server.core.DefaultDirectoryService] - You didn't change the admin password of directory service instance 'default'.  Please update the admin password as soon as possible to prevent a possible security breach.
[03:53:02] WARN [org.apache.directory.api.ldap.model.entry.DefaultAttribute] - ERR_13207_VALUE_ALREADY_EXISTS The value '1.3.6.1.4.1.42.2.27.8.5.1' already exists in the attribute (supportedControl)
[03:53:02] WARN [org.apache.directory.api.ldap.model.entry.DefaultAttribute] - ERR_13207_VALUE_ALREADY_EXISTS The value '1.2.840.113556.1.4.841' already exists in the attribute (supportedControl)
[03:53:02] WARN [org.apache.directory.api.ldap.model.entry.DefaultAttribute] - ERR_13207_VALUE_ALREADY_EXISTS The value '1.3.6.1.4.1.4203.1.9.1.2' already exists in the attribute (supportedControl)
[03:53:02] WARN [org.apache.directory.api.ldap.model.entry.DefaultAttribute] - ERR_13207_VALUE_ALREADY_EXISTS The value '1.2.840.113556.1.4.319' already exists in the attribute (supportedControl)
[03:53:02] WARN [org.apache.directory.api.ldap.model.entry.DefaultAttribute] - ERR_13207_VALUE_ALREADY_EXISTS The value '1.2.840.113556.1.4.528' already exists in the attribute (supportedControl)
[03:53:03] WARN [org.apache.directory.api.ldap.model.entry.Value] - MSG_13202_AT_IS_NULL ()
[03:53:03] WARN [org.apache.directory.api.ldap.model.entry.Value] - MSG_13202_AT_IS_NULL ()
[03:53:03] WARN [org.apache.directory.api.ldap.model.entry.Value] - MSG_13202_AT_IS_NULL ()
[03:53:03] WARN [org.apache.directory.api.ldap.model.entry.Value] - MSG_13202_AT_IS_NULL ()
[03:53:03] WARN [org.apache.directory.api.ldap.model.entry.Value] - MSG_13202_AT_IS_NULL ()
[03:53:03] WARN [org.apache.directory.api.ldap.model.entry.Value] - MSG_13202_AT_IS_NULL ()
[03:53:03] WARN [org.apache.directory.api.ldap.model.entry.Value] - MSG_13202_AT_IS_NULL ()
[03:53:03] WARN [org.apache.directory.api.ldap.model.entry.Value] - MSG_13202_AT_IS_NULL ()
[03:53:03] WARN [org.apache.directory.api.ldap.model.entry.Value] - MSG_13202_AT_IS_NULL ()
[03:53:03] WARN [org.apache.directory.api.ldap.model.entry.Value] - MSG_13202_AT_IS_NULL ()
[03:53:03] WARN [org.apache.directory.api.ldap.model.entry.Value] - MSG_13202_AT_IS_NULL ()
[03:53:03] WARN [org.apache.directory.api.ldap.model.entry.Value] - MSG_13202_AT_IS_NULL ()
[03:53:03] WARN [org.apache.directory.api.ldap.model.entry.Value] - MSG_13202_AT_IS_NULL ()
[03:53:03] WARN [org.apache.directory.server.core.DefaultDirectoryService] - You didn't change the admin password of directory service instance 'default'.  Please update the admin password as soon as possible to prevent a possible security breach.
