STATUS | wrapper  | 2021/02/21 03:48:38 | --> Wrapper Started as Daemon
STATUS | wrapper  | 2021/02/21 03:48:38 | Launching a JVM...
INFO   | jvm 1    | 2021/02/21 03:48:39 | Wrapper (Version 3.2.3) http://wrapper.tanukisoftware.org
INFO   | jvm 1    | 2021/02/21 03:48:39 |   Copyright 1999-2006 Tanuki Software, Inc.  All Rights Reserved.
INFO   | jvm 1    | 2021/02/21 03:48:39 | 
INFO   | jvm 1    | 2021/02/21 03:48:56 | [03:48:56] WARN [org.apache.directory.api.ldap.model.entry.DefaultAttribute] - ERR_13207_VALUE_ALREADY_EXISTS The value '1.3.6.1.4.1.42.2.27.8.5.1' already exists in the attribute (supportedControl)
INFO   | jvm 1    | 2021/02/21 03:48:56 | [03:48:56] WARN [org.apache.directory.api.ldap.model.entry.DefaultAttribute] - ERR_13207_VALUE_ALREADY_EXISTS The value '1.2.840.113556.1.4.841' already exists in the attribute (supportedControl)
INFO   | jvm 1    | 2021/02/21 03:48:56 | [03:48:56] WARN [org.apache.directory.api.ldap.model.entry.DefaultAttribute] - ERR_13207_VALUE_ALREADY_EXISTS The value '1.3.6.1.4.1.4203.1.9.1.2' already exists in the attribute (supportedControl)
INFO   | jvm 1    | 2021/02/21 03:48:56 | [03:48:56] WARN [org.apache.directory.api.ldap.model.entry.DefaultAttribute] - ERR_13207_VALUE_ALREADY_EXISTS The value '1.2.840.113556.1.4.319' already exists in the attribute (supportedControl)
INFO   | jvm 1    | 2021/02/21 03:48:56 | [03:48:56] WARN [org.apache.directory.api.ldap.model.entry.DefaultAttribute] - ERR_13207_VALUE_ALREADY_EXISTS The value '1.2.840.113556.1.4.528' already exists in the attribute (supportedControl)
INFO   | jvm 1    | 2021/02/21 03:48:58 | [03:48:58] WARN [org.apache.directory.server.core.DefaultDirectoryService] - You didn't change the admin password of directory service instance 'default'.  Please update the admin password as soon as possible to prevent a possible security breach.
INFO   | jvm 1    | 2021/02/21 03:49:04 |            _                     _          ____  ____   
INFO   | jvm 1    | 2021/02/21 03:49:04 |           / \   _ __    ___  ___| |__   ___|  _ \/ ___|  
INFO   | jvm 1    | 2021/02/21 03:49:04 |          / _ \ | '_ \ / _` |/ __| '_ \ / _ \ | | \___ \  
INFO   | jvm 1    | 2021/02/21 03:49:04 |         / ___ \| |_) | (_| | (__| | | |  __/ |_| |___) | 
INFO   | jvm 1    | 2021/02/21 03:49:04 |        /_/   \_\ .__/ \__,_|\___|_| |_|\___|____/|____/  
INFO   | jvm 1    | 2021/02/21 03:49:04 |                |_|                                       
INFO   | jvm 1    | 2021/02/21 03:49:04 | 
STATUS | wrapper  | 2021/02/21 03:52:46 | TERM trapped.  Shutting down.
WARN   | wrapper  | 2021/02/21 03:52:46 | JVM exited unexpectedly while stopping the application.
STATUS | wrapper  | 2021/02/21 03:52:46 | <-- Wrapper Stopped
STATUS | wrapper  | 2021/02/21 03:52:54 | --> Wrapper Started as Daemon
STATUS | wrapper  | 2021/02/21 03:52:54 | Launching a JVM...
INFO   | jvm 1    | 2021/02/21 03:52:55 | Wrapper (Version 3.2.3) http://wrapper.tanukisoftware.org
INFO   | jvm 1    | 2021/02/21 03:52:55 |   Copyright 1999-2006 Tanuki Software, Inc.  All Rights Reserved.
INFO   | jvm 1    | 2021/02/21 03:52:55 | 
INFO   | jvm 1    | 2021/02/21 03:53:03 | [03:53:02] WARN [org.apache.directory.api.ldap.model.entry.DefaultAttribute] - ERR_13207_VALUE_ALREADY_EXISTS The value '1.3.6.1.4.1.42.2.27.8.5.1' already exists in the attribute (supportedControl)
INFO   | jvm 1    | 2021/02/21 03:53:03 | [03:53:02] WARN [org.apache.directory.api.ldap.model.entry.DefaultAttribute] - ERR_13207_VALUE_ALREADY_EXISTS The value '1.2.840.113556.1.4.841' already exists in the attribute (supportedControl)
INFO   | jvm 1    | 2021/02/21 03:53:03 | [03:53:02] WARN [org.apache.directory.api.ldap.model.entry.DefaultAttribute] - ERR_13207_VALUE_ALREADY_EXISTS The value '1.3.6.1.4.1.4203.1.9.1.2' already exists in the attribute (supportedControl)
INFO   | jvm 1    | 2021/02/21 03:53:03 | [03:53:02] WARN [org.apache.directory.api.ldap.model.entry.DefaultAttribute] - ERR_13207_VALUE_ALREADY_EXISTS The value '1.2.840.113556.1.4.319' already exists in the attribute (supportedControl)
INFO   | jvm 1    | 2021/02/21 03:53:03 | [03:53:02] WARN [org.apache.directory.api.ldap.model.entry.DefaultAttribute] - ERR_13207_VALUE_ALREADY_EXISTS The value '1.2.840.113556.1.4.528' already exists in the attribute (supportedControl)
INFO   | jvm 1    | 2021/02/21 03:53:03 | [03:53:03] WARN [org.apache.directory.api.ldap.model.entry.Value] - MSG_13202_AT_IS_NULL ()
INFO   | jvm 1    | 2021/02/21 03:53:03 | [03:53:03] WARN [org.apache.directory.api.ldap.model.entry.Value] - MSG_13202_AT_IS_NULL ()
INFO   | jvm 1    | 2021/02/21 03:53:03 | [03:53:03] WARN [org.apache.directory.api.ldap.model.entry.Value] - MSG_13202_AT_IS_NULL ()
INFO   | jvm 1    | 2021/02/21 03:53:03 | [03:53:03] WARN [org.apache.directory.api.ldap.model.entry.Value] - MSG_13202_AT_IS_NULL ()
INFO   | jvm 1    | 2021/02/21 03:53:03 | [03:53:03] WARN [org.apache.directory.api.ldap.model.entry.Value] - MSG_13202_AT_IS_NULL ()
INFO   | jvm 1    | 2021/02/21 03:53:03 | [03:53:03] WARN [org.apache.directory.api.ldap.model.entry.Value] - MSG_13202_AT_IS_NULL ()
INFO   | jvm 1    | 2021/02/21 03:53:03 | [03:53:03] WARN [org.apache.directory.api.ldap.model.entry.Value] - MSG_13202_AT_IS_NULL ()
INFO   | jvm 1    | 2021/02/21 03:53:03 | [03:53:03] WARN [org.apache.directory.api.ldap.model.entry.Value] - MSG_13202_AT_IS_NULL ()
INFO   | jvm 1    | 2021/02/21 03:53:03 | [03:53:03] WARN [org.apache.directory.api.ldap.model.entry.Value] - MSG_13202_AT_IS_NULL ()
INFO   | jvm 1    | 2021/02/21 03:53:03 | [03:53:03] WARN [org.apache.directory.api.ldap.model.entry.Value] - MSG_13202_AT_IS_NULL ()
INFO   | jvm 1    | 2021/02/21 03:53:03 | [03:53:03] WARN [org.apache.directory.api.ldap.model.entry.Value] - MSG_13202_AT_IS_NULL ()
INFO   | jvm 1    | 2021/02/21 03:53:03 | [03:53:03] WARN [org.apache.directory.api.ldap.model.entry.Value] - MSG_13202_AT_IS_NULL ()
INFO   | jvm 1    | 2021/02/21 03:53:03 | [03:53:03] WARN [org.apache.directory.api.ldap.model.entry.Value] - MSG_13202_AT_IS_NULL ()
INFO   | jvm 1    | 2021/02/21 03:53:03 | [03:53:03] WARN [org.apache.directory.server.core.DefaultDirectoryService] - You didn't change the admin password of directory service instance 'default'.  Please update the admin password as soon as possible to prevent a possible security breach.
INFO   | jvm 1    | 2021/02/21 03:53:03 |            _                     _          ____  ____   
INFO   | jvm 1    | 2021/02/21 03:53:03 |           / \   _ __    ___  ___| |__   ___|  _ \/ ___|  
INFO   | jvm 1    | 2021/02/21 03:53:03 |          / _ \ | '_ \ / _` |/ __| '_ \ / _ \ | | \___ \  
INFO   | jvm 1    | 2021/02/21 03:53:03 |         / ___ \| |_) | (_| | (__| | | |  __/ |_| |___) | 
INFO   | jvm 1    | 2021/02/21 03:53:03 |        /_/   \_\ .__/ \__,_|\___|_| |_|\___|____/|____/  
INFO   | jvm 1    | 2021/02/21 03:53:03 |                |_|                                       
INFO   | jvm 1    | 2021/02/21 03:53:03 | 
